2016-12-20 18:22:57,683 [Worker-3] INFO  c.g.t.t.d.PublishedGradleVersions - Gradle version information cache is up-to-date. Trying to read.
2016-12-20 18:24:25,075 [Worker-0] INFO  c.g.t.t.d.PublishedGradleVersions - Gradle version information cache is up-to-date. Trying to read.
2016-12-20 18:25:36,548 [Worker-2] INFO  c.g.t.t.d.PublishedGradleVersions - Gradle version information cache is up-to-date. Trying to read.
2016-12-20 19:07:31,462 [Worker-0] INFO  c.g.t.t.d.PublishedGradleVersions - Gradle version information cache is up-to-date. Trying to read.
2017-02-03 06:50:30,920 [Worker-0] INFO  c.g.t.t.d.PublishedGradleVersions - Gradle version information cache is up-to-date. Trying to read.
2017-02-03 06:54:26,668 [Worker-1] INFO  c.g.t.t.d.PublishedGradleVersions - Gradle version information cache is up-to-date. Trying to read.
2017-02-08 20:21:29,945 [Worker-13] ERROR o.e.m.c.i.p.ProjectConfigurationManager - Project Jacks_Cinema already exists
2017-02-08 20:21:31,002 [Worker-13] INFO  o.e.m.c.i.l.LifecycleMappingFactory - Using org.eclipse.m2e.jdt.JarLifecycleMapping lifecycle mapping for MavenProject: Java.EE.Cinema:Jacks_Cinema:0.0.1-SNAPSHOT @ C:\Users\Jack\Documents\GitHub\.Java\Jacks_Cinema\target\classes\META-INF\maven\Java.EE.Cinema\Jacks_Cinema\pom.xml.
2017-02-08 20:21:31,629 [Worker-13] INFO  o.e.m.c.i.l.LifecycleMappingFactory - Using org.maven.ide.eclipse.wtp.WarLifecycleMapping lifecycle mapping for MavenProject: org.jboss.quickstarts.eap:jboss-cdi-injection:7.1.0-SNAPSHOT @ C:\Users\Jack\Documents\GitHub\.Java\Jacks_Cinema\target\m2e-wtp\web-resources\META-INF\maven\org.jboss.quickstarts.eap\jboss-cdi-injection\pom.xml.
2017-02-08 20:21:33,761 [Worker-13] INFO  o.e.m.j.i.AbstractJavaProjectConfigurator - Adding source folder /jboss-cdi-injection/src/main/java
2017-02-08 20:21:33,762 [Worker-13] INFO  o.e.m.j.i.AbstractJavaProjectConfigurator - Adding source folder /jboss-cdi-injection/src/test/java
2017-02-08 20:21:35,470 [Worker-13] INFO  o.e.m.c.i.p.ProjectConfigurationManager - Imported and configured 3 project(s) in 5 sec
2017-02-08 20:21:35,749 [Worker-19] INFO  o.e.m.c.i.embedder.EclipseLogger - Using 'UTF-8' encoding to copy filtered resources.
2017-02-08 20:21:35,749 [Worker-19] INFO  o.e.m.c.i.embedder.EclipseLogger - skip non existing resourceDirectory C:\Users\Jack\Documents\GitHub\.Java\Jacks_Cinema\target\classes\META-INF\maven\Java.EE.Cinema\Jacks_Cinema\src\main\resources
2017-02-08 20:21:35,751 [Worker-19] INFO  o.e.m.c.i.embedder.EclipseLogger - Using 'UTF-8' encoding to copy filtered resources.
2017-02-08 20:21:35,751 [Worker-19] INFO  o.e.m.c.i.embedder.EclipseLogger - skip non existing resourceDirectory C:\Users\Jack\Documents\GitHub\.Java\Jacks_Cinema\target\classes\META-INF\maven\Java.EE.Cinema\Jacks_Cinema\src\test\resources
2017-02-08 20:21:35,939 [Worker-19] INFO  o.e.m.c.i.embedder.EclipseLogger - Using 'UTF-8' encoding to copy filtered resources.
2017-02-08 20:21:35,939 [Worker-19] INFO  o.e.m.c.i.embedder.EclipseLogger - skip non existing resourceDirectory C:\Users\Jack\Documents\GitHub\.Java\Jacks_Cinema\target\m2e-wtp\web-resources\META-INF\maven\org.jboss.quickstarts.eap\jboss-cdi-injection\src\main\resources
2017-02-08 20:21:35,941 [Worker-19] INFO  o.e.m.c.i.embedder.EclipseLogger - Using 'UTF-8' encoding to copy filtered resources.
2017-02-08 20:21:35,941 [Worker-19] INFO  o.e.m.c.i.embedder.EclipseLogger - skip non existing resourceDirectory C:\Users\Jack\Documents\GitHub\.Java\Jacks_Cinema\target\m2e-wtp\web-resources\META-INF\maven\org.jboss.quickstarts.eap\jboss-cdi-injection\src\test\resources
2017-02-08 20:21:36,910 [Worker-15] INFO  o.e.m.i.discovery.MavenDiscovery - No lifecyle mapping found at jar:file:/C:/Users/Jack/AppData/Local/Temp/RemoteBundleDiscoveryStrategy9003631633021740096.tmp/org.eclipse.m2e.discovery.oss_catalog_1.6.jar_6414448796152247031.jar!/lifecycle%2Forg.eclipse.m2e.discovery.lifecyclemapping.m2e-egit.xml
2017-02-08 20:21:36,910 [Worker-15] WARN  o.e.m.i.discovery.MavenDiscovery - CatalogItem org.eclipse.m2e.discovery.lifecyclemapping.m2e-egit does not contain lifecycle mapping metadata
2017-02-08 20:21:36,911 [Worker-15] INFO  o.e.m.i.discovery.MavenDiscovery - No lifecyle mapping found at jar:file:/C:/Users/Jack/AppData/Local/Temp/RemoteBundleDiscoveryStrategy9003631633021740096.tmp/org.eclipse.m2e.discovery.oss_catalog_1.6.jar_6414448796152247031.jar!/lifecycle%2Forg.eclipse.m2e.discovery.lifecyclemapping.m2e-subversive.xml
2017-02-08 20:21:36,911 [Worker-15] WARN  o.e.m.i.discovery.MavenDiscovery - CatalogItem org.eclipse.m2e.discovery.lifecyclemapping.m2e-subversive does not contain lifecycle mapping metadata
2017-02-08 20:21:37,076 [Worker-14] INFO  o.e.m.c.i.embedder.EclipseLogger - Using 'UTF-8' encoding to copy filtered resources.
2017-02-08 20:21:37,076 [Worker-14] INFO  o.e.m.c.i.embedder.EclipseLogger - skip non existing resourceDirectory C:\Users\Jack\Documents\GitHub\.Java\Jacks_Cinema\target\m2e-wtp\web-resources\META-INF\maven\org.jboss.quickstarts.eap\jboss-cdi-injection\src\main\resources
2017-02-08 20:21:37,077 [Worker-14] INFO  o.e.m.c.i.embedder.EclipseLogger - Using 'UTF-8' encoding to copy filtered resources.
2017-02-08 20:21:37,077 [Worker-14] INFO  o.e.m.c.i.embedder.EclipseLogger - skip non existing resourceDirectory C:\Users\Jack\Documents\GitHub\.Java\Jacks_Cinema\target\m2e-wtp\web-resources\META-INF\maven\org.jboss.quickstarts.eap\jboss-cdi-injection\src\test\resources
2017-02-08 20:21:48,428 [Worker-13] INFO  o.e.m.c.i.embedder.EclipseLogger - Using 'UTF-8' encoding to copy filtered resources.
2017-02-08 20:21:48,428 [Worker-13] INFO  o.e.m.c.i.embedder.EclipseLogger - skip non existing resourceDirectory C:\Users\Jack\Documents\GitHub\.Java\Jacks_Cinema\target\m2e-wtp\web-resources\META-INF\maven\org.jboss.quickstarts.eap\jboss-cdi-injection\src\main\resources
2017-02-08 20:21:48,428 [Worker-13] INFO  o.e.m.c.i.embedder.EclipseLogger - Using 'UTF-8' encoding to copy filtered resources.
2017-02-08 20:21:48,428 [Worker-13] INFO  o.e.m.c.i.embedder.EclipseLogger - skip non existing resourceDirectory C:\Users\Jack\Documents\GitHub\.Java\Jacks_Cinema\target\m2e-wtp\web-resources\META-INF\maven\org.jboss.quickstarts.eap\jboss-cdi-injection\src\test\resources
2017-02-08 20:25:54,924 [Worker-14] INFO  o.e.m.c.i.l.LifecycleMappingFactory - Using org.eclipse.m2e.jdt.JarLifecycleMapping lifecycle mapping for MavenProject: Java.EE.Cinema:Jacks_Cinema:0.0.1-SNAPSHOT @ C:\Users\Jack\Documents\GitHub\.Java\Jacks_Cinema\target\classes\META-INF\maven\Java.EE.Cinema\Jacks_Cinema\pom.xml.
2017-02-08 20:25:55,081 [Worker-14] INFO  o.e.m.c.i.embedder.EclipseLogger - Using 'UTF-8' encoding to copy filtered resources.
2017-02-08 20:25:55,081 [Worker-14] INFO  o.e.m.c.i.embedder.EclipseLogger - skip non existing resourceDirectory C:\Users\Jack\Documents\GitHub\.Java\Jacks_Cinema\target\classes\META-INF\maven\Java.EE.Cinema\Jacks_Cinema\src\main\resources
2017-02-08 20:25:55,082 [Worker-14] INFO  o.e.m.c.i.embedder.EclipseLogger - Using 'UTF-8' encoding to copy filtered resources.
2017-02-08 20:25:55,083 [Worker-14] INFO  o.e.m.c.i.embedder.EclipseLogger - skip non existing resourceDirectory C:\Users\Jack\Documents\GitHub\.Java\Jacks_Cinema\target\classes\META-INF\maven\Java.EE.Cinema\Jacks_Cinema\src\test\resources
2017-02-08 20:26:35,412 [Worker-9] INFO  o.e.m.c.i.l.LifecycleMappingFactory - Using org.maven.ide.eclipse.wtp.WarLifecycleMapping lifecycle mapping for MavenProject: org.jboss.quickstarts.eap:jboss-helloworld-rs:7.1.0-SNAPSHOT @ C:\Users\Jack\Documents\GitHub\jboss-eap-quickstarts\helloworld-rs\pom.xml.
2017-02-08 20:26:36,073 [Worker-9] INFO  o.e.m.j.i.AbstractJavaProjectConfigurator - Adding source folder /jboss-helloworld-rs/src/main/java
2017-02-08 20:26:36,074 [Worker-9] INFO  o.e.m.j.i.AbstractJavaProjectConfigurator - Adding source folder /jboss-helloworld-rs/src/test/java
2017-02-08 20:26:40,537 [Worker-9] INFO  o.e.m.c.i.p.ProjectConfigurationManager - Imported and configured 1 project(s) in 5 sec
2017-02-08 20:26:41,055 [Worker-10] INFO  o.e.m.c.i.embedder.EclipseLogger - Using 'UTF-8' encoding to copy filtered resources.
2017-02-08 20:26:41,055 [Worker-10] INFO  o.e.m.c.i.embedder.EclipseLogger - skip non existing resourceDirectory C:\Users\Jack\Documents\GitHub\jboss-eap-quickstarts\helloworld-rs\src\main\resources
2017-02-08 20:26:41,056 [Worker-10] INFO  o.e.m.c.i.embedder.EclipseLogger - Using 'UTF-8' encoding to copy filtered resources.
2017-02-08 20:26:41,056 [Worker-10] INFO  o.e.m.c.i.embedder.EclipseLogger - skip non existing resourceDirectory C:\Users\Jack\Documents\GitHub\jboss-eap-quickstarts\helloworld-rs\src\test\resources
2017-02-08 20:27:44,824 [Worker-19] ERROR o.e.m2e.editor.pom.MavenPomEditor - failed to load maven project for org.eclipse.ui.part.FileEditorInput(/Jacks_Cinema/pom.xml)
org.eclipse.core.runtime.CoreException: Could not read maven project
	at org.eclipse.m2e.core.internal.project.registry.ProjectRegistryManager.readProjectWithDependencies(ProjectRegistryManager.java:804) ~[na:na]
	at org.eclipse.m2e.core.internal.project.registry.ProjectRegistryManager$6.call(ProjectRegistryManager.java:1010) ~[na:na]
	at org.eclipse.m2e.core.internal.project.registry.ProjectRegistryManager$6.call(ProjectRegistryManager.java:1) ~[na:na]
	at com.google.common.cache.LocalCache$LocalManualCache$1.load(LocalCache.java:4724) ~[na:na]
	at com.google.common.cache.LocalCache$LoadingValueReference.loadFuture(LocalCache.java:3522) ~[na:na]
	at com.google.common.cache.LocalCache$Segment.loadSync(LocalCache.java:2315) ~[na:na]
	at com.google.common.cache.LocalCache$Segment.lockedGetOrLoad(LocalCache.java:2278) ~[na:na]
	at com.google.common.cache.LocalCache$Segment.get(LocalCache.java:2193) ~[na:na]
	at com.google.common.cache.LocalCache.get(LocalCache.java:3932) ~[na:na]
	at com.google.common.cache.LocalCache$LocalManualCache.get(LocalCache.java:4721) ~[na:na]
	at org.eclipse.m2e.core.internal.project.registry.ProjectRegistryManager.getMavenProject(ProjectRegistryManager.java:1008) ~[na:na]
	at org.eclipse.m2e.core.internal.project.registry.MavenProjectFacade.getMavenProject(MavenProjectFacade.java:242) ~[na:na]
	at org.eclipse.m2e.core.ui.internal.actions.SelectionUtil.getMavenProject(SelectionUtil.java:261) ~[org.eclipse.m2e.core.ui_1.7.0.20160603-1933.jar:na]
	at org.eclipse.m2e.editor.pom.MavenPomEditor.readMavenProject(MavenPomEditor.java:732) ~[na:na]
	at org.eclipse.m2e.editor.pom.MavenPomEditor$5.run(MavenPomEditor.java:1053) ~[na:na]
	at org.eclipse.core.internal.jobs.Worker.run(Worker.java:55) [org.eclipse.core.jobs_3.8.0.v20160509-0411.jar:na]
2017-02-08 20:27:44,965 [Worker-21] ERROR o.e.m.c.i.p.r.ProjectRegistryManager - Could not read pom.xml
org.eclipse.core.runtime.CoreException: Could not read pom.xml
	at org.eclipse.m2e.core.internal.embedder.MavenImpl.readModel(MavenImpl.java:565) ~[org.eclipse.m2e.core_1.7.0.20160603-1933.jar:na]
	at org.eclipse.m2e.core.internal.embedder.MavenImpl.readModel(MavenImpl.java:574) ~[org.eclipse.m2e.core_1.7.0.20160603-1933.jar:na]
	at org.eclipse.m2e.core.internal.project.registry.ProjectRegistryManager.refreshPhase2(ProjectRegistryManager.java:542) [org.eclipse.m2e.core_1.7.0.20160603-1933.jar:na]
	at org.eclipse.m2e.core.internal.project.registry.ProjectRegistryManager.refresh(ProjectRegistryManager.java:498) [org.eclipse.m2e.core_1.7.0.20160603-1933.jar:na]
	at org.eclipse.m2e.core.internal.project.registry.ProjectRegistryManager.refresh(ProjectRegistryManager.java:351) [org.eclipse.m2e.core_1.7.0.20160603-1933.jar:na]
	at org.eclipse.m2e.core.internal.project.registry.ProjectRegistryManager.refresh(ProjectRegistryManager.java:298) [org.eclipse.m2e.core_1.7.0.20160603-1933.jar:na]
	at org.eclipse.m2e.core.internal.builder.MavenBuilder$BuildMethod.getProjectFacade(MavenBuilder.java:154) [org.eclipse.m2e.core_1.7.0.20160603-1933.jar:na]
	at org.eclipse.m2e.core.internal.builder.MavenBuilder$BuildMethod$1.call(MavenBuilder.java:89) [org.eclipse.m2e.core_1.7.0.20160603-1933.jar:na]
	at org.eclipse.m2e.core.internal.embedder.MavenExecutionContext.executeBare(MavenExecutionContext.java:176) [org.eclipse.m2e.core_1.7.0.20160603-1933.jar:na]
	at org.eclipse.m2e.core.internal.embedder.MavenExecutionContext.execute(MavenExecutionContext.java:151) [org.eclipse.m2e.core_1.7.0.20160603-1933.jar:na]
	at org.eclipse.m2e.core.internal.embedder.MavenExecutionContext.execute(MavenExecutionContext.java:99) [org.eclipse.m2e.core_1.7.0.20160603-1933.jar:na]
	at org.eclipse.m2e.core.internal.builder.MavenBuilder$BuildMethod.execute(MavenBuilder.java:86) [org.eclipse.m2e.core_1.7.0.20160603-1933.jar:na]
	at org.eclipse.m2e.core.internal.builder.MavenBuilder.build(MavenBuilder.java:200) [org.eclipse.m2e.core_1.7.0.20160603-1933.jar:na]
	at org.eclipse.core.internal.events.BuildManager$2.run(BuildManager.java:735) [org.eclipse.core.resources_3.11.1.v20161107-2032.jar:na]
	at org.eclipse.core.runtime.SafeRunner.run(SafeRunner.java:42) [org.eclipse.equinox.common_3.8.0.v20160509-1230.jar:na]
	at org.eclipse.core.internal.events.BuildManager.basicBuild(BuildManager.java:206) [org.eclipse.core.resources_3.11.1.v20161107-2032.jar:na]
	at org.eclipse.core.internal.events.BuildManager.basicBuild(BuildManager.java:246) [org.eclipse.core.resources_3.11.1.v20161107-2032.jar:na]
	at org.eclipse.core.internal.events.BuildManager$1.run(BuildManager.java:301) [org.eclipse.core.resources_3.11.1.v20161107-2032.jar:na]
	at org.eclipse.core.runtime.SafeRunner.run(SafeRunner.java:42) [org.eclipse.equinox.common_3.8.0.v20160509-1230.jar:na]
	at org.eclipse.core.internal.events.BuildManager.basicBuild(BuildManager.java:304) [org.eclipse.core.resources_3.11.1.v20161107-2032.jar:na]
	at org.eclipse.core.internal.events.BuildManager.basicBuildLoop(BuildManager.java:360) [org.eclipse.core.resources_3.11.1.v20161107-2032.jar:na]
	at org.eclipse.core.internal.events.BuildManager.build(BuildManager.java:383) [org.eclipse.core.resources_3.11.1.v20161107-2032.jar:na]
	at org.eclipse.core.internal.events.AutoBuildJob.doBuild(AutoBuildJob.java:144) [org.eclipse.core.resources_3.11.1.v20161107-2032.jar:na]
	at org.eclipse.core.internal.events.AutoBuildJob.run(AutoBuildJob.java:235) [org.eclipse.core.resources_3.11.1.v20161107-2032.jar:na]
	at org.eclipse.core.internal.jobs.Worker.run(Worker.java:55) [org.eclipse.core.jobs_3.8.0.v20160509-0411.jar:na]
Caused by: org.apache.maven.model.io.ModelParseException: Duplicated tag: 'packaging' (position: START_TAG seen ...</packaging>\r\n    <packaging>... @23:16) 
	at org.apache.maven.model.io.DefaultModelReader.read(DefaultModelReader.java:122) ~[maven-model-builder-3.3.9.jar:3.3.9]
	at org.apache.maven.model.io.DefaultModelReader.read(DefaultModelReader.java:86) ~[maven-model-builder-3.3.9.jar:3.3.9]
	at org.eclipse.m2e.core.internal.embedder.MavenImpl.readModel(MavenImpl.java:563) ~[org.eclipse.m2e.core_1.7.0.20160603-1933.jar:na]
	... 24 common frames omitted
Caused by: org.codehaus.plexus.util.xml.pull.XmlPullParserException: Duplicated tag: 'packaging' (position: START_TAG seen ...</packaging>\r\n    <packaging>... @23:16) 
	at org.apache.maven.model.io.xpp3.MavenXpp3Reader.checkFieldWithDuplicate(MavenXpp3Reader.java:140) ~[maven-model-3.3.9.jar:3.3.9]
	at org.apache.maven.model.io.xpp3.MavenXpp3Reader.parseModel(MavenXpp3Reader.java:2090) ~[maven-model-3.3.9.jar:3.3.9]
	at org.apache.maven.model.io.xpp3.MavenXpp3Reader.read(MavenXpp3Reader.java:3845) ~[maven-model-3.3.9.jar:3.3.9]
	at org.apache.maven.model.io.xpp3.MavenXpp3Reader.read(MavenXpp3Reader.java:595) ~[maven-model-3.3.9.jar:3.3.9]
	at org.apache.maven.model.io.DefaultModelReader.read(DefaultModelReader.java:117) ~[maven-model-builder-3.3.9.jar:3.3.9]
	... 26 common frames omitted
2017-02-08 20:28:14,073 [Worker-19] INFO  o.e.m.c.i.l.LifecycleMappingFactory - Using org.maven.ide.eclipse.wtp.WarLifecycleMapping lifecycle mapping for MavenProject: Java.EE.Cinema:Jacks_Cinema:0.0.1-SNAPSHOT @ C:\Users\Jack\Documents\GitHub\.Java\Jacks_Cinema\target\classes\META-INF\maven\Java.EE.Cinema\Jacks_Cinema\pom.xml.
2017-02-08 20:28:14,123 [Worker-19] INFO  o.e.m.c.i.embedder.EclipseLogger - Using 'UTF-8' encoding to copy filtered resources.
2017-02-08 20:28:14,124 [Worker-19] INFO  o.e.m.c.i.embedder.EclipseLogger - skip non existing resourceDirectory C:\Users\Jack\Documents\GitHub\.Java\Jacks_Cinema\target\classes\META-INF\maven\Java.EE.Cinema\Jacks_Cinema\src\main\resources
2017-02-08 20:28:14,124 [Worker-19] INFO  o.e.m.c.i.embedder.EclipseLogger - Using 'UTF-8' encoding to copy filtered resources.
2017-02-08 20:28:14,125 [Worker-19] INFO  o.e.m.c.i.embedder.EclipseLogger - skip non existing resourceDirectory C:\Users\Jack\Documents\GitHub\.Java\Jacks_Cinema\target\classes\META-INF\maven\Java.EE.Cinema\Jacks_Cinema\src\test\resources
2017-02-08 20:28:14,126 [Worker-19] INFO  o.e.m.w.i.f.ResourceFilteringBuildParticipant - Changed resources require a complete clean of filtered resources of Jacks_Cinema
2017-02-08 20:28:14,126 [Worker-19] INFO  o.e.m.w.i.f.ResourceFilteringBuildParticipant - Executing resource filtering for Jacks_Cinema
2017-02-08 20:28:14,222 [Worker-19] INFO  o.e.m.c.i.embedder.EclipseLogger - Using 'UTF-8' encoding to copy filtered resources.
2017-02-08 20:28:45,146 [Worker-16] INFO  o.e.m.c.i.l.LifecycleMappingFactory - Using org.maven.ide.eclipse.wtp.WarLifecycleMapping lifecycle mapping for MavenProject: Java.EE.Cinema:Jacks_Cinema:0.0.1-SNAPSHOT @ C:\Users\Jack\Documents\GitHub\.Java\Jacks_Cinema\target\classes\META-INF\maven\Java.EE.Cinema\Jacks_Cinema\pom.xml.
2017-02-08 20:28:45,168 [Worker-16] INFO  o.e.m.c.i.embedder.EclipseLogger - Using 'UTF-8' encoding to copy filtered resources.
2017-02-08 20:28:45,169 [Worker-16] INFO  o.e.m.c.i.embedder.EclipseLogger - skip non existing resourceDirectory C:\Users\Jack\Documents\GitHub\.Java\Jacks_Cinema\target\classes\META-INF\maven\Java.EE.Cinema\Jacks_Cinema\src\main\resources
2017-02-08 20:28:45,169 [Worker-16] INFO  o.e.m.c.i.embedder.EclipseLogger - Using 'UTF-8' encoding to copy filtered resources.
2017-02-08 20:28:45,169 [Worker-16] INFO  o.e.m.c.i.embedder.EclipseLogger - skip non existing resourceDirectory C:\Users\Jack\Documents\GitHub\.Java\Jacks_Cinema\target\classes\META-INF\maven\Java.EE.Cinema\Jacks_Cinema\src\test\resources
2017-02-08 20:28:45,169 [Worker-16] INFO  o.e.m.w.i.f.ResourceFilteringBuildParticipant - Changed resources require a complete clean of filtered resources of Jacks_Cinema
2017-02-08 20:28:45,169 [Worker-16] INFO  o.e.m.w.i.f.ResourceFilteringBuildParticipant - Executing resource filtering for Jacks_Cinema
2017-02-08 20:28:45,172 [Worker-16] INFO  o.e.m.c.i.embedder.EclipseLogger - Using 'UTF-8' encoding to copy filtered resources.
2017-02-08 20:28:45,206 [Worker-16] INFO  o.e.m.c.i.l.LifecycleMappingFactory - Using org.maven.ide.eclipse.wtp.WarLifecycleMapping lifecycle mapping for MavenProject: org.jboss.quickstarts.eap:jboss-helloworld-rs:7.1.0-SNAPSHOT @ C:\Users\Jack\Documents\GitHub\jboss-eap-quickstarts\helloworld-rs\pom.xml.
2017-02-08 20:28:45,255 [Worker-16] INFO  o.e.m.c.i.embedder.EclipseLogger - Using 'UTF-8' encoding to copy filtered resources.
2017-02-08 20:28:45,255 [Worker-16] INFO  o.e.m.c.i.embedder.EclipseLogger - skip non existing resourceDirectory C:\Users\Jack\Documents\GitHub\jboss-eap-quickstarts\helloworld-rs\src\main\resources
2017-02-08 20:28:45,255 [Worker-16] INFO  o.e.m.c.i.embedder.EclipseLogger - Using 'UTF-8' encoding to copy filtered resources.
2017-02-08 20:28:45,256 [Worker-16] INFO  o.e.m.c.i.embedder.EclipseLogger - skip non existing resourceDirectory C:\Users\Jack\Documents\GitHub\jboss-eap-quickstarts\helloworld-rs\src\test\resources
2017-02-08 20:28:45,256 [Worker-16] INFO  o.e.m.w.i.f.ResourceFilteringBuildParticipant - Changed resources require a complete clean of filtered resources of jboss-helloworld-rs
2017-02-08 20:28:45,256 [Worker-16] INFO  o.e.m.w.i.f.ResourceFilteringBuildParticipant - Executing resource filtering for jboss-helloworld-rs
2017-02-08 20:28:45,259 [Worker-16] INFO  o.e.m.c.i.embedder.EclipseLogger - Using 'UTF-8' encoding to copy filtered resources.
2017-02-08 20:29:07,255 [Worker-17] INFO  o.e.m.c.i.l.LifecycleMappingFactory - Using org.maven.ide.eclipse.wtp.WarLifecycleMapping lifecycle mapping for MavenProject: org.jboss.quickstarts.eap:jboss-helloworld-rs:7.1.0-SNAPSHOT @ C:\Users\Jack\Documents\GitHub\jboss-eap-quickstarts\helloworld-rs\pom.xml.
2017-02-08 20:29:07,306 [Worker-17] INFO  o.e.m.c.i.embedder.EclipseLogger - Using 'UTF-8' encoding to copy filtered resources.
2017-02-08 20:29:07,306 [Worker-17] INFO  o.e.m.c.i.embedder.EclipseLogger - skip non existing resourceDirectory C:\Users\Jack\Documents\GitHub\jboss-eap-quickstarts\helloworld-rs\src\main\resources
2017-02-08 20:29:07,307 [Worker-17] INFO  o.e.m.c.i.embedder.EclipseLogger - Using 'UTF-8' encoding to copy filtered resources.
2017-02-08 20:29:07,307 [Worker-17] INFO  o.e.m.c.i.embedder.EclipseLogger - skip non existing resourceDirectory C:\Users\Jack\Documents\GitHub\jboss-eap-quickstarts\helloworld-rs\src\test\resources
2017-02-08 20:29:07,307 [Worker-17] INFO  o.e.m.w.i.f.ResourceFilteringBuildParticipant - Changed resources require a complete clean of filtered resources of jboss-helloworld-rs
2017-02-08 20:29:07,308 [Worker-17] INFO  o.e.m.w.i.f.ResourceFilteringBuildParticipant - Executing resource filtering for jboss-helloworld-rs
2017-02-08 20:29:07,310 [Worker-17] INFO  o.e.m.c.i.embedder.EclipseLogger - Using 'UTF-8' encoding to copy filtered resources.
2017-02-08 20:29:53,414 [Worker-17] INFO  o.e.m.c.i.l.LifecycleMappingFactory - Using org.maven.ide.eclipse.wtp.WarLifecycleMapping lifecycle mapping for MavenProject: Java.EE.Cinema:Jacks_Cinema:0.0.1-SNAPSHOT @ C:\Users\Jack\Documents\GitHub\.Java\Jacks_Cinema\target\classes\META-INF\maven\Java.EE.Cinema\Jacks_Cinema\pom.xml.
2017-02-08 20:29:53,451 [Worker-17] INFO  o.e.m.c.i.embedder.EclipseLogger - Using 'UTF-8' encoding to copy filtered resources.
2017-02-08 20:29:53,451 [Worker-17] INFO  o.e.m.c.i.embedder.EclipseLogger - skip non existing resourceDirectory C:\Users\Jack\Documents\GitHub\.Java\Jacks_Cinema\target\classes\META-INF\maven\Java.EE.Cinema\Jacks_Cinema\src\main\resources
2017-02-08 20:29:53,452 [Worker-17] INFO  o.e.m.c.i.embedder.EclipseLogger - Using 'UTF-8' encoding to copy filtered resources.
2017-02-08 20:29:53,452 [Worker-17] INFO  o.e.m.c.i.embedder.EclipseLogger - skip non existing resourceDirectory C:\Users\Jack\Documents\GitHub\.Java\Jacks_Cinema\target\classes\META-INF\maven\Java.EE.Cinema\Jacks_Cinema\src\test\resources
2017-02-08 20:29:53,452 [Worker-17] INFO  o.e.m.w.i.f.ResourceFilteringBuildParticipant - Changed resources require a complete clean of filtered resources of Jacks_Cinema
2017-02-08 20:29:53,452 [Worker-17] INFO  o.e.m.w.i.f.ResourceFilteringBuildParticipant - Executing resource filtering for Jacks_Cinema
2017-02-08 20:29:53,455 [Worker-17] INFO  o.e.m.c.i.embedder.EclipseLogger - Using 'UTF-8' encoding to copy filtered resources.
2017-02-08 20:31:23,963 [Worker-7] INFO  o.e.m.i.launch.MavenLaunchDelegate - C:\Users\Jack\Documents\GitHub\jboss-eap-quickstarts\helloworld-rs
2017-02-08 20:31:23,964 [Worker-7] INFO  o.e.m.i.launch.MavenLaunchDelegate -  mvn -B install
2017-02-08 20:31:25,997 [Worker-22] INFO  o.e.m.c.i.embedder.EclipseLogger - Using 'UTF-8' encoding to copy filtered resources.
2017-02-08 20:31:25,997 [Worker-22] INFO  o.e.m.c.i.embedder.EclipseLogger - skip non existing resourceDirectory C:\Users\Jack\Documents\GitHub\jboss-eap-quickstarts\helloworld-rs\src\main\resources
2017-02-08 20:31:25,998 [Worker-22] INFO  o.e.m.c.i.embedder.EclipseLogger - Using 'UTF-8' encoding to copy filtered resources.
2017-02-08 20:31:25,998 [Worker-22] INFO  o.e.m.c.i.embedder.EclipseLogger - skip non existing resourceDirectory C:\Users\Jack\Documents\GitHub\jboss-eap-quickstarts\helloworld-rs\src\test\resources
2017-02-08 20:37:43,918 [Worker-28] INFO  o.e.m.i.launch.MavenLaunchDelegate - C:\Users\Jack\Documents\GitHub\.Java\Jacks_Cinema\target\classes\META-INF\maven\Java.EE.Cinema\Jacks_Cinema
2017-02-08 20:37:43,918 [Worker-28] INFO  o.e.m.i.launch.MavenLaunchDelegate -  mvn -B install
2017-02-08 20:37:45,659 [Worker-28] INFO  o.e.m.c.i.embedder.EclipseLogger - Using 'UTF-8' encoding to copy filtered resources.
2017-02-08 20:37:45,659 [Worker-28] INFO  o.e.m.c.i.embedder.EclipseLogger - skip non existing resourceDirectory C:\Users\Jack\Documents\GitHub\.Java\Jacks_Cinema\target\classes\META-INF\maven\Java.EE.Cinema\Jacks_Cinema\src\main\resources
2017-02-08 20:37:45,659 [Worker-28] INFO  o.e.m.c.i.embedder.EclipseLogger - Using 'UTF-8' encoding to copy filtered resources.
2017-02-08 20:37:45,660 [Worker-28] INFO  o.e.m.c.i.embedder.EclipseLogger - skip non existing resourceDirectory C:\Users\Jack\Documents\GitHub\.Java\Jacks_Cinema\target\classes\META-INF\maven\Java.EE.Cinema\Jacks_Cinema\src\test\resources
2017-02-08 20:38:18,484 [main] INFO  o.e.m2e.actions.ExecutePomAction - Creating new launch configuration
2017-02-13 08:53:10,953 [Worker-24] INFO  o.e.m.c.i.embedder.EclipseLogger - Using 'UTF-8' encoding to copy filtered resources.
2017-02-13 08:53:10,956 [Worker-24] INFO  o.e.m.c.i.embedder.EclipseLogger - skip non existing resourceDirectory C:\Users\Jack\Documents\GitHub\.Java\Jacks_Cinema\target\classes\META-INF\maven\Java.EE.Cinema\Jacks_Cinema\src\main\resources
2017-02-13 08:53:10,957 [Worker-24] INFO  o.e.m.c.i.embedder.EclipseLogger - Using 'UTF-8' encoding to copy filtered resources.
2017-02-13 08:53:10,957 [Worker-24] INFO  o.e.m.c.i.embedder.EclipseLogger - skip non existing resourceDirectory C:\Users\Jack\Documents\GitHub\.Java\Jacks_Cinema\target\classes\META-INF\maven\Java.EE.Cinema\Jacks_Cinema\src\test\resources
2017-02-13 08:53:13,491 [Worker-24] INFO  o.e.m.c.i.embedder.EclipseLogger - Using 'UTF-8' encoding to copy filtered resources.
2017-02-13 08:53:13,491 [Worker-24] INFO  o.e.m.c.i.embedder.EclipseLogger - skip non existing resourceDirectory C:\Users\Jack\Documents\GitHub\jboss-eap-quickstarts\helloworld-rs\src\main\resources
2017-02-13 08:53:13,492 [Worker-24] INFO  o.e.m.c.i.embedder.EclipseLogger - Using 'UTF-8' encoding to copy filtered resources.
2017-02-13 08:53:13,492 [Worker-24] INFO  o.e.m.c.i.embedder.EclipseLogger - skip non existing resourceDirectory C:\Users\Jack\Documents\GitHub\jboss-eap-quickstarts\helloworld-rs\src\test\resources
2017-02-13 08:53:17,768 [Worker-15] INFO  o.e.m.c.i.p.ProjectConfigurationManager - Update started
2017-02-13 08:53:18,673 [Worker-15] INFO  o.e.m.c.i.l.LifecycleMappingFactory - Using org.maven.ide.eclipse.wtp.WarLifecycleMapping lifecycle mapping for MavenProject: Java.EE.Cinema:Jacks_Cinema:0.0.1-SNAPSHOT @ C:\Users\Jack\Documents\GitHub\.Java\Jacks_Cinema\target\classes\META-INF\maven\Java.EE.Cinema\Jacks_Cinema\pom.xml.
2017-02-13 08:53:18,766 [Worker-15] INFO  o.e.m.j.i.AbstractJavaProjectConfigurator - Adding source folder /Jacks_Cinema/src/main/java
2017-02-13 08:53:18,766 [Worker-15] INFO  o.e.m.j.i.AbstractJavaProjectConfigurator - Adding source folder /Jacks_Cinema/src/test/java
2017-02-13 08:53:19,343 [Worker-15] INFO  o.e.m.w.i.f.ResourceFilteringBuildParticipant - Cleaning filtered folder for Jacks_Cinema
2017-02-13 08:53:19,346 [Worker-15] INFO  o.e.m.c.i.p.ProjectConfigurationManager - Update completed: 1 sec
2017-02-13 08:53:19,503 [Worker-28] INFO  o.e.m.c.i.embedder.EclipseLogger - Using 'UTF-8' encoding to copy filtered resources.
2017-02-13 08:53:19,503 [Worker-28] INFO  o.e.m.c.i.embedder.EclipseLogger - skip non existing resourceDirectory C:\Users\Jack\Documents\GitHub\.Java\Jacks_Cinema\target\classes\META-INF\maven\Java.EE.Cinema\Jacks_Cinema\src\main\resources
2017-02-13 08:53:19,504 [Worker-28] INFO  o.e.m.c.i.embedder.EclipseLogger - Using 'UTF-8' encoding to copy filtered resources.
2017-02-13 08:53:19,504 [Worker-28] INFO  o.e.m.c.i.embedder.EclipseLogger - skip non existing resourceDirectory C:\Users\Jack\Documents\GitHub\.Java\Jacks_Cinema\target\classes\META-INF\maven\Java.EE.Cinema\Jacks_Cinema\src\test\resources
2017-02-13 08:53:19,505 [Worker-28] INFO  o.e.m.w.i.f.ResourceFilteringBuildParticipant - Changed resources require a complete clean of filtered resources of Jacks_Cinema
2017-02-13 08:53:19,505 [Worker-28] INFO  o.e.m.w.i.f.ResourceFilteringBuildParticipant - Executing resource filtering for Jacks_Cinema
2017-02-13 08:53:19,623 [Worker-28] INFO  o.e.m.c.i.embedder.EclipseLogger - Using 'UTF-8' encoding to copy filtered resources.
2017-02-13 08:53:20,681 [Worker-26] INFO  o.e.m.c.i.embedder.EclipseLogger - Using 'UTF-8' encoding to copy filtered resources.
2017-02-13 08:53:20,681 [Worker-26] INFO  o.e.m.c.i.embedder.EclipseLogger - skip non existing resourceDirectory C:\Users\Jack\Documents\GitHub\.Java\Jacks_Cinema\target\classes\META-INF\maven\Java.EE.Cinema\Jacks_Cinema\src\main\resources
2017-02-13 08:53:20,682 [Worker-26] INFO  o.e.m.c.i.embedder.EclipseLogger - Using 'UTF-8' encoding to copy filtered resources.
2017-02-13 08:53:20,682 [Worker-26] INFO  o.e.m.c.i.embedder.EclipseLogger - skip non existing resourceDirectory C:\Users\Jack\Documents\GitHub\.Java\Jacks_Cinema\target\classes\META-INF\maven\Java.EE.Cinema\Jacks_Cinema\src\test\resources
2017-02-17 21:07:33,679 [Worker-24] INFO  o.e.m.c.i.embedder.EclipseLogger - Using 'UTF-8' encoding to copy filtered resources.
2017-02-17 21:07:33,680 [Worker-24] INFO  o.e.m.c.i.embedder.EclipseLogger - skip non existing resourceDirectory C:\Users\Jack\Documents\GitHub\jboss-eap-quickstarts\helloworld-rs\src\main\resources
2017-02-17 21:07:33,682 [Worker-24] INFO  o.e.m.c.i.embedder.EclipseLogger - Using 'UTF-8' encoding to copy filtered resources.
2017-02-17 21:07:33,682 [Worker-24] INFO  o.e.m.c.i.embedder.EclipseLogger - skip non existing resourceDirectory C:\Users\Jack\Documents\GitHub\jboss-eap-quickstarts\helloworld-rs\src\test\resources
